Perfect copy/Visit_Bangladesh_Flutter_4 ( Profile and without provider)/build/app/intermediates/manifest_merge_blame_file/debug/manifest-merger-blame-debug-report.txt
1<?xml version="1.0" encoding="utf-8"?>
2<manifest xmlns:android="http://schemas.android.com/apk/res/android"
3    package="com.example.visit_bangladesh"
4    android:versionCode="1"
5    android:versionName="1.0.0" >
6
7    <uses-sdk
8        android:minSdkVersion="16"
9        android:targetSdkVersion="28" />
10    <!--
11         Flutter needs it to communicate with the running application
12         to allow setting breakpoints, to provide hot reload, etc.
13    -->
14    <uses-permission android:name="android.permission.INTERNET" />
14-->src\main\AndroidManifest.xml:9:5-66
14-->src\main\AndroidManifest.xml:9:22-64
15    <uses-permission android:name="android.permission.ACCESS_NETWORK_STATE" />
15-->[com.google.firebase:firebase-auth:21.0.1] AndroidManifest.xml:24:5-79
15-->[com.google.firebase:firebase-auth:21.0.1] AndroidManifest.xml:24:22-76
16    <uses-permission android:name="android.permission.WAKE_LOCK" />
16-->[com.google.android.gms:play-services-measurement-api:19.0.0] AndroidManifest.xml:24:5-68
16-->[com.google.android.gms:play-services-measurement-api:19.0.0] AndroidManifest.xml:24:22-65
17    <uses-permission android:name="com.google.android.finsky.permission.BIND_GET_INSTALL_REFERRER_SERVICE" />
17-->[com.google.android.gms:play-services-measurement:19.0.0] AndroidManifest.xml:26:5-110
17-->[com.google.android.gms:play-services-measurement:19.0.0] AndroidManifest.xml:26:22-107
18
19    <application
19-->src\main\AndroidManifest.xml:11:5-52:19
20        android:name="io.flutter.app.FlutterApplication"
20-->src\main\AndroidManifest.xml:12:9-57
21        android:appComponentFactory="androidx.core.app.CoreComponentFactory"
21-->[androidx.core:core:1.1.0] AndroidManifest.xml:24:18-86
22        android:debuggable="true"
23        android:icon="@mipmap/ic_launcher"
23-->src\main\AndroidManifest.xml:14:9-43
24        android:label="visit_bangladesh"
24-->src\main\AndroidManifest.xml:13:9-41
25        android:supportsRtl="true" >
25-->[com.facebook.android:facebook-android-sdk:5.15.3] AndroidManifest.xml:28:18-44
26        <activity
26-->src\main\AndroidManifest.xml:15:9-33:20
27            android:name="com.example.visit_bangladesh.MainActivity"
27-->src\main\AndroidManifest.xml:16:13-41
28            android:configChanges="orientation|keyboardHidden|keyboard|screenSize|smallestScreenSize|locale|layoutDirection|fontScale|screenLayout|density|uiMode"
28-->src\main\AndroidManifest.xml:19:13-163
29            android:hardwareAccelerated="true"
29-->src\main\AndroidManifest.xml:20:13-47
30            android:launchMode="singleTop"
30-->src\main\AndroidManifest.xml:17:13-43
31            android:theme="@style/LaunchTheme"
31-->src\main\AndroidManifest.xml:18:13-47
32            android:windowSoftInputMode="adjustResize" >
32-->src\main\AndroidManifest.xml:21:13-55
33
34            <!--
35                 This keeps the window background of the activity showing
36                 until Flutter renders its first frame. It can be removed if
37                 there is no splash screen (such as the default splash screen
38                 defined in @style/LaunchTheme).
39            -->
40            <meta-data
40-->src\main\AndroidManifest.xml:26:13-28:40
41                android:name="io.flutter.app.android.SplashScreenUntilFirstFrame"
41-->src\main\AndroidManifest.xml:27:17-82
42                android:value="true" />
42-->src\main\AndroidManifest.xml:28:17-37
43
44            <intent-filter>
44-->src\main\AndroidManifest.xml:29:13-32:29
45                <action android:name="android.intent.action.MAIN" />
45-->src\main\AndroidManifest.xml:30:17-68
45-->src\main\AndroidManifest.xml:30:25-66
46
47                <category android:name="android.intent.category.LAUNCHER" />
47-->src\main\AndroidManifest.xml:31:17-76
47-->src\main\AndroidManifest.xml:31:27-74
48            </intent-filter>
49        </activity>
50
51        <meta-data
51-->src\main\AndroidManifest.xml:34:9-35:54
52            android:name="com.facebook.sdk.ApplicationId"
52-->src\main\AndroidManifest.xml:34:20-65
53            android:value="@string/facebook_app_id" />
53-->src\main\AndroidManifest.xml:35:13-52
54
55        <activity
55-->src\main\AndroidManifest.xml:37:9-40:48
56            android:name="com.facebook.FacebookActivity"
56-->src\main\AndroidManifest.xml:37:19-63
57            android:configChanges="keyboard|keyboardHidden|screenLayout|screenSize|orientation"
57-->src\main\AndroidManifest.xml:38:13-113
58            android:label="@string/app_name"
58-->src\main\AndroidManifest.xml:40:13-45
59            android:theme="@style/com_facebook_activity_theme" />
59-->[com.facebook.android:facebook-common:5.15.3] AndroidManifest.xml:33:13-63
60        <activity
60-->src\main\AndroidManifest.xml:41:9-50:20
61            android:name="com.facebook.CustomTabActivity"
61-->src\main\AndroidManifest.xml:42:13-58
62            android:exported="true" >
62-->src\main\AndroidManifest.xml:43:13-36
63            <intent-filter>
63-->src\main\AndroidManifest.xml:44:13-49:29
64                <action android:name="android.intent.action.VIEW" />
64-->src\main\AndroidManifest.xml:45:17-69
64-->src\main\AndroidManifest.xml:45:25-66
65
66                <category android:name="android.intent.category.DEFAULT" />
66-->src\main\AndroidManifest.xml:46:17-76
66-->src\main\AndroidManifest.xml:46:27-73
67                <category android:name="android.intent.category.BROWSABLE" />
67-->src\main\AndroidManifest.xml:47:17-78
67-->src\main\AndroidManifest.xml:47:27-75
68
69                <data android:scheme="@string/fb_login_protocol_scheme" />
69-->src\main\AndroidManifest.xml:48:17-75
69-->src\main\AndroidManifest.xml:48:23-72
70            </intent-filter>
71            <intent-filter>
71-->[com.facebook.android:facebook-common:5.15.3] AndroidManifest.xml:39:13-48:29
72                <action android:name="android.intent.action.VIEW" />
72-->src\main\AndroidManifest.xml:45:17-69
72-->src\main\AndroidManifest.xml:45:25-66
73
74                <category android:name="android.intent.category.DEFAULT" />
74-->src\main\AndroidManifest.xml:46:17-76
74-->src\main\AndroidManifest.xml:46:27-73
75                <category android:name="android.intent.category.BROWSABLE" />
75-->src\main\AndroidManifest.xml:47:17-78
75-->src\main\AndroidManifest.xml:47:27-75
76
77                <data
77-->src\main\AndroidManifest.xml:48:17-75
78                    android:host="cct.com.example.visit_bangladesh"
79                    android:scheme="fbconnect" />
79-->src\main\AndroidManifest.xml:48:23-72
80            </intent-filter>
81        </activity>
82
83        <service
83-->[:firebase_auth] AndroidManifest.xml:8:9-12:19
84            android:name="com.google.firebase.components.ComponentDiscoveryService"
84-->[:firebase_auth] AndroidManifest.xml:8:18-89
85            android:directBootAware="true"
85-->[com.google.firebase:firebase-common:20.0.0] AndroidManifest.xml:35:13-43
86            android:exported="false" >
86-->[com.google.firebase:firebase-auth:21.0.1] AndroidManifest.xml:76:13-37
87            <meta-data
87-->[:firebase_auth] AndroidManifest.xml:9:13-11:85
88                android:name="com.google.firebase.components:io.flutter.plugins.firebase.auth.FlutterFirebaseAuthRegistrar"
88-->[:firebase_auth] AndroidManifest.xml:10:17-124
89                android:value="com.google.firebase.components.ComponentRegistrar" />
89-->[:firebase_auth] AndroidManifest.xml:11:17-82
90            <meta-data
90-->[:cloud_firestore] AndroidManifest.xml:9:13-11:85
91                android:name="com.google.firebase.components:io.flutter.plugins.firebase.firestore.FlutterFirebaseFirestoreRegistrar"
91-->[:cloud_firestore] AndroidManifest.xml:10:17-134
92                android:value="com.google.firebase.components.ComponentRegistrar" />
92-->[:cloud_firestore] AndroidManifest.xml:11:17-82
93            <meta-data
93-->[:firebase_core] AndroidManifest.xml:9:13-11:85
94                android:name="com.google.firebase.components:io.flutter.plugins.firebase.core.FlutterFirebaseCoreRegistrar"
94-->[:firebase_core] AndroidManifest.xml:10:17-124
95                android:value="com.google.firebase.components.ComponentRegistrar" />
95-->[:firebase_core] AndroidManifest.xml:11:17-82
96            <meta-data
96-->[com.google.firebase:firebase-auth:21.0.1] AndroidManifest.xml:77:13-79:85
97                android:name="com.google.firebase.components:com.google.firebase.auth.FirebaseAuthRegistrar"
97-->[com.google.firebase:firebase-auth:21.0.1] AndroidManifest.xml:78:17-109
98                android:value="com.google.firebase.components.ComponentRegistrar" />
98-->[com.google.firebase:firebase-auth:21.0.1] AndroidManifest.xml:79:17-82
99            <meta-data
99-->[com.google.firebase:firebase-firestore:23.0.1] AndroidManifest.xml:20:13-22:85
100                android:name="com.google.firebase.components:com.google.firebase.firestore.FirestoreRegistrar"
100-->[com.google.firebase:firebase-firestore:23.0.1] AndroidManifest.xml:21:17-111
101                android:value="com.google.firebase.components.ComponentRegistrar" />
101-->[com.google.firebase:firebase-firestore:23.0.1] AndroidManifest.xml:22:17-82
102            <meta-data
102-->[com.google.android.gms:play-services-measurement-api:19.0.0] AndroidManifest.xml:30:13-32:85
103                android:name="com.google.firebase.components:com.google.firebase.analytics.connector.internal.AnalyticsConnectorRegistrar"
103-->[com.google.android.gms:play-services-measurement-api:19.0.0] AndroidManifest.xml:31:17-139
104                android:value="com.google.firebase.components.ComponentRegistrar" />
104-->[com.google.android.gms:play-services-measurement-api:19.0.0] AndroidManifest.xml:32:17-82
105            <meta-data
105-->[com.google.firebase:firebase-installations:17.0.0] AndroidManifest.xml:18:13-20:85
106                android:name="com.google.firebase.components:com.google.firebase.installations.FirebaseInstallationsRegistrar"
106-->[com.google.firebase:firebase-installations:17.0.0] AndroidManifest.xml:19:17-127
107                android:value="com.google.firebase.components.ComponentRegistrar" />
107-->[com.google.firebase:firebase-installations:17.0.0] AndroidManifest.xml:20:17-82
108        </service>
109
110        <activity
110-->[com.google.firebase:firebase-auth:21.0.1] AndroidManifest.xml:27:9-44:20
111            android:name="com.google.firebase.auth.internal.GenericIdpActivity"
111-->[com.google.firebase:firebase-auth:21.0.1] AndroidManifest.xml:28:13-80
112            android:excludeFromRecents="true"
112-->[com.google.firebase:firebase-auth:21.0.1] AndroidManifest.xml:29:13-46
113            android:exported="true"
113-->[com.google.firebase:firebase-auth:21.0.1] AndroidManifest.xml:30:13-36
114            android:launchMode="singleTask"
114-->[com.google.firebase:firebase-auth:21.0.1] AndroidManifest.xml:31:13-44
115            android:theme="@android:style/Theme.Translucent.NoTitleBar" >
115-->[com.google.firebase:firebase-auth:21.0.1] AndroidManifest.xml:32:13-72
116            <intent-filter>
116-->[com.google.firebase:firebase-auth:21.0.1] AndroidManifest.xml:33:13-43:29
117                <action android:name="android.intent.action.VIEW" />
117-->src\main\AndroidManifest.xml:45:17-69
117-->src\main\AndroidManifest.xml:45:25-66
118
119                <category android:name="android.intent.category.DEFAULT" />
119-->src\main\AndroidManifest.xml:46:17-76
119-->src\main\AndroidManifest.xml:46:27-73
120                <category android:name="android.intent.category.BROWSABLE" />
120-->src\main\AndroidManifest.xml:47:17-78
120-->src\main\AndroidManifest.xml:47:27-75
121
122                <data
122-->src\main\AndroidManifest.xml:48:17-75
123                    android:host="firebase.auth"
124                    android:path="/"
125                    android:scheme="genericidp" />
125-->src\main\AndroidManifest.xml:48:23-72
126            </intent-filter>
127        </activity>
128        <activity
128-->[com.google.firebase:firebase-auth:21.0.1] AndroidManifest.xml:45:9-62:20
129            android:name="com.google.firebase.auth.internal.RecaptchaActivity"
129-->[com.google.firebase:firebase-auth:21.0.1] AndroidManifest.xml:46:13-79
130            android:excludeFromRecents="true"
130-->[com.google.firebase:firebase-auth:21.0.1] AndroidManifest.xml:47:13-46
131            android:exported="true"
131-->[com.google.firebase:firebase-auth:21.0.1] AndroidManifest.xml:48:13-36
132            android:launchMode="singleTask"
132-->[com.google.firebase:firebase-auth:21.0.1] AndroidManifest.xml:49:13-44
133            android:theme="@android:style/Theme.Translucent.NoTitleBar" >
133-->[com.google.firebase:firebase-auth:21.0.1] AndroidManifest.xml:50:13-72
134            <intent-filter>
134-->[com.google.firebase:firebase-auth:21.0.1] AndroidManifest.xml:51:13-61:29
135                <action android:name="android.intent.action.VIEW" />
135-->src\main\AndroidManifest.xml:45:17-69
135-->src\main\AndroidManifest.xml:45:25-66
136
137                <category android:name="android.intent.category.DEFAULT" />
137-->src\main\AndroidManifest.xml:46:17-76
137-->src\main\AndroidManifest.xml:46:27-73
138                <category android:name="android.intent.category.BROWSABLE" />
138-->src\main\AndroidManifest.xml:47:17-78
138-->src\main\AndroidManifest.xml:47:27-75
139
140                <data
140-->src\main\AndroidManifest.xml:48:17-75
141                    android:host="firebase.auth"
142                    android:path="/"
143                    android:scheme="recaptcha" />
143-->src\main\AndroidManifest.xml:48:23-72
144            </intent-filter>
145        </activity>
146
147        <service
147-->[com.google.firebase:firebase-auth:21.0.1] AndroidManifest.xml:64:9-73:19
148            android:name="com.google.firebase.auth.api.fallback.service.FirebaseAuthFallbackService"
148-->[com.google.firebase:firebase-auth:21.0.1] AndroidManifest.xml:65:13-101
149            android:enabled="true"
149-->[com.google.firebase:firebase-auth:21.0.1] AndroidManifest.xml:66:13-35
150            android:exported="false" >
150-->[com.google.firebase:firebase-auth:21.0.1] AndroidManifest.xml:67:13-37
151            <intent-filter>
151-->[com.google.firebase:firebase-auth:21.0.1] AndroidManifest.xml:68:13-72:29
152                <action android:name="com.google.firebase.auth.api.gms.service.START" />
152-->[com.google.firebase:firebase-auth:21.0.1] AndroidManifest.xml:69:17-89
152-->[com.google.firebase:firebase-auth:21.0.1] AndroidManifest.xml:69:25-86
153
154                <category android:name="android.intent.category.DEFAULT" />
154-->src\main\AndroidManifest.xml:46:17-76
154-->src\main\AndroidManifest.xml:46:27-73
155            </intent-filter>
156        </service>
157
158        <activity
158-->[com.google.android.gms:play-services-auth:19.0.0] AndroidManifest.xml:23:9-27:75
159            android:name="com.google.android.gms.auth.api.signin.internal.SignInHubActivity"
159-->[com.google.android.gms:play-services-auth:19.0.0] AndroidManifest.xml:24:13-93
160            android:excludeFromRecents="true"
160-->[com.google.android.gms:play-services-auth:19.0.0] AndroidManifest.xml:25:13-46
161            android:exported="false"
161-->[com.google.android.gms:play-services-auth:19.0.0] AndroidManifest.xml:26:13-37
162            android:theme="@android:style/Theme.Translucent.NoTitleBar" />
162-->[com.google.android.gms:play-services-auth:19.0.0] AndroidManifest.xml:27:13-72
163        <!--
164            Service handling Google Sign-In user revocation. For apps that do not integrate with
165            Google Sign-In, this service will never be started.
166        -->
167        <service
167-->[com.google.android.gms:play-services-auth:19.0.0] AndroidManifest.xml:33:9-37:51
168            android:name="com.google.android.gms.auth.api.signin.RevocationBoundService"
168-->[com.google.android.gms:play-services-auth:19.0.0] AndroidManifest.xml:34:13-89
169            android:exported="true"
169-->[com.google.android.gms:play-services-auth:19.0.0] AndroidManifest.xml:35:13-36
170            android:permission="com.google.android.gms.auth.api.signin.permission.REVOCATION_NOTIFICATION"
170-->[com.google.android.gms:play-services-auth:19.0.0] AndroidManifest.xml:36:13-107
171            android:visibleToInstantApps="true" />
171-->[com.google.android.gms:play-services-auth:19.0.0] AndroidManifest.xml:37:13-48
172
173        <provider
173-->[com.google.firebase:firebase-common:20.0.0] AndroidManifest.xml:26:9-31:39
174            android:name="com.google.firebase.provider.FirebaseInitProvider"
174-->[com.google.firebase:firebase-common:20.0.0] AndroidManifest.xml:27:13-77
175            android:authorities="com.example.visit_bangladesh.firebaseinitprovider"
175-->[com.google.firebase:firebase-common:20.0.0] AndroidManifest.xml:28:13-72
176            android:directBootAware="true"
176-->[com.google.firebase:firebase-common:20.0.0] AndroidManifest.xml:29:13-43
177            android:exported="false"
177-->[com.google.firebase:firebase-common:20.0.0] AndroidManifest.xml:30:13-37
178            android:initOrder="100" />
178-->[com.google.firebase:firebase-common:20.0.0] AndroidManifest.xml:31:13-36
179
180        <activity
180-->[com.google.android.gms:play-services-base:17.1.0] AndroidManifest.xml:23:9-26:75
181            android:name="com.google.android.gms.common.api.GoogleApiActivity"
181-->[com.google.android.gms:play-services-base:17.1.0] AndroidManifest.xml:24:13-79
182            android:exported="false"
182-->[com.google.android.gms:play-services-base:17.1.0] AndroidManifest.xml:25:13-37
183            android:theme="@android:style/Theme.Translucent.NoTitleBar" />
183-->[com.google.android.gms:play-services-base:17.1.0] AndroidManifest.xml:26:13-72
184
185        <receiver
185-->[com.google.android.gms:play-services-measurement:19.0.0] AndroidManifest.xml:29:9-33:20
186            android:name="com.google.android.gms.measurement.AppMeasurementReceiver"
186-->[com.google.android.gms:play-services-measurement:19.0.0] AndroidManifest.xml:30:13-85
187            android:enabled="true"
187-->[com.google.android.gms:play-services-measurement:19.0.0] AndroidManifest.xml:31:13-35
188            android:exported="false" >
188-->[com.google.android.gms:play-services-measurement:19.0.0] AndroidManifest.xml:32:13-37
189        </receiver>
190
191        <service
191-->[com.google.android.gms:play-services-measurement:19.0.0] AndroidManifest.xml:35:9-38:40
192            android:name="com.google.android.gms.measurement.AppMeasurementService"
192-->[com.google.android.gms:play-services-measurement:19.0.0] AndroidManifest.xml:36:13-84
193            android:enabled="true"
193-->[com.google.android.gms:play-services-measurement:19.0.0] AndroidManifest.xml:37:13-35
194            android:exported="false" />
194-->[com.google.android.gms:play-services-measurement:19.0.0] AndroidManifest.xml:38:13-37
195        <service
195-->[com.google.android.gms:play-services-measurement:19.0.0] AndroidManifest.xml:39:9-43:72
196            android:name="com.google.android.gms.measurement.AppMeasurementJobService"
196-->[com.google.android.gms:play-services-measurement:19.0.0] AndroidManifest.xml:40:13-87
197            android:enabled="true"
197-->[com.google.android.gms:play-services-measurement:19.0.0] AndroidManifest.xml:41:13-35
198            android:exported="false"
198-->[com.google.android.gms:play-services-measurement:19.0.0] AndroidManifest.xml:42:13-37
199            android:permission="android.permission.BIND_JOB_SERVICE" />
199-->[com.google.android.gms:play-services-measurement:19.0.0] AndroidManifest.xml:43:13-69
200
201        <meta-data
201-->[com.google.android.gms:play-services-basement:17.1.1] AndroidManifest.xml:23:9-25:69
202            android:name="com.google.android.gms.version"
202-->[com.google.android.gms:play-services-basement:17.1.1] AndroidManifest.xml:24:13-58
203            android:value="@integer/google_play_services_version" />
203-->[com.google.android.gms:play-services-basement:17.1.1] AndroidManifest.xml:25:13-66
204
205        <activity android:name="com.facebook.CustomTabMainActivity" />
205-->[com.facebook.android:facebook-common:5.15.3] AndroidManifest.xml:34:9-71
205-->[com.facebook.android:facebook-common:5.15.3] AndroidManifest.xml:34:19-68
206        <!--
207         The initialization ContentProvider will call FacebookSdk.sdkInitialize automatically
208         with the application context. This config is merged in with the host app's manifest,
209         but there can only be one provider with the same authority activated at any given
210         point; so if the end user has two or more different apps that use Facebook SDK, only the
211         first one will be able to use the provider. To work around this problem, we use the
212         following placeholder in the authority to identify each host application as if it was
213         a completely different provider.
214        -->
215        <provider
215-->[com.facebook.android:facebook-core:5.15.3] AndroidManifest.xml:39:9-42:40
216            android:name="com.facebook.internal.FacebookInitProvider"
216-->[com.facebook.android:facebook-core:5.15.3] AndroidManifest.xml:40:13-70
217            android:authorities="com.example.visit_bangladesh.FacebookInitProvider"
217-->[com.facebook.android:facebook-core:5.15.3] AndroidManifest.xml:41:13-72
218            android:exported="false" />
218-->[com.facebook.android:facebook-core:5.15.3] AndroidManifest.xml:42:13-37
219
220        <receiver
220-->[com.facebook.android:facebook-core:5.15.3] AndroidManifest.xml:44:9-50:20
221            android:name="com.facebook.CurrentAccessTokenExpirationBroadcastReceiver"
221-->[com.facebook.android:facebook-core:5.15.3] AndroidManifest.xml:45:13-86
222            android:exported="false" >
222-->[com.facebook.android:facebook-core:5.15.3] AndroidManifest.xml:46:13-37
223            <intent-filter>
223-->[com.facebook.android:facebook-core:5.15.3] AndroidManifest.xml:47:13-49:29
224                <action android:name="com.facebook.sdk.ACTION_CURRENT_ACCESS_TOKEN_CHANGED" />
224-->[com.facebook.android:facebook-core:5.15.3] AndroidManifest.xml:48:17-95
224-->[com.facebook.android:facebook-core:5.15.3] AndroidManifest.xml:48:25-92
225            </intent-filter>
226        </receiver>
227    </application>
228
229</manifest>